<mxfile modified="2019-02-28T12:05:40.946Z" host="www.draw.io" agent="Mozilla/5.0 (X11; Linux x86_64) AppleWebKit/537.36 (KHTML, like Gecko) Chrome/71.0.3578.98 Safari/537.36" etag="kZmt-MtskaDGr6JYJOeD" version="10.2.8" type="device"><diagram id="fLxqNZd-qCFUUE25vizJ" name="Page-1">7V1dd5s4EP01Obt9SA/fhkc7Tbfd055Nm2TTfZRBtmkw8oLcxPvrVwJhgyVskiCESdKHgsAy3Dsa3RnE+My8WD7+kYDV4isKYHRmaMHjmfnhzDB0a+SQ/2jLJm/xRl7eME/CgJ20a7gO/4OsUWOt6zCAaeVEjFCEw1W10UdxDH1caQNJgh6qp81QVP3WFZhDruHaBxHfehcGeMFadU3bHfgEw/mCfbVrswNLUJzMGtIFCNBDqcm8PDMvEoRwvrV8vIARBa/AJf/cx5qj2wtLYIybfCC5n9z+/HQ5ufoO1ovbP8efPO/83DPzbn6BaM3umF0t3hQQJGgdB5D2op2Zk4dFiOH1Cvj06AMhnbQt8DIiezrZBFE4j8l2BGfkqiazMIouUISSrCtzNpsZvk/aU5yge1g6EjhTx3bIEXY9MMHwsfZO9S1+xPAgWkKcbMgp7AMuQ5yZnKm77+285WFHoTliZy1K7Bk6M1fAzGa+7XyHLNlg4D4BaL1toPeQDWzoBpYIWdeYmk5LyOp70JJhKoDWFkGrO5YkaG0OSBiQMcx2UYIXaI5iEF3uWidVqHfnfEFoxQD+CTHeMIcE1hhV4YePIf5R2v6HdvXesNnuh0fWdbazKXZicr8/yjvlj9H93eeyveKD+R3S2zpMHEEBrRMfHjJE5kRBMof4wHmm2BASGAEc/qpeR+uUep5KTqlN71jVB0OpbqvkVOcc4N8fxt8OOEH9yU5wNoNOzfQy8qaa1pIT1PecoOUJnOBWIZSdoKdJAtdROl4qPnDU0Afq1QEz6nDAmE0HjMrxMjr5ac3sH6OWSkZ5CXgNE+KKzgwnomJ5SrfmOEPmI984oT5NeHKLOnJm038iF+pkf/QTKMal9vyvHde6FeUHXatIXkrzrGqVSNWz9t6xWqcgLi1uGF4kAEOOZxKwr+imv4lCQmdyfCxNc96/TLcNwL+fZ9bw1xqTXqB40AUAujOhbnF8F05n7Qwux9ofXKLgzRXFbrqs0VV0XCLj67ebG44Lcte4inUVqhhRbCu4sqYiIeETlDIOKYahD6IxO7AMgyAbtSJyqyO5BRIMzsOJSLBEuQlpHPDK/AKNr14RB66lnAOD1wbIvydO9Ph0P1heTEOUuOuWF36yIJNuisN4TlqvNymGy+ES0izd53VKiNKwqKrHmkZFpWTQNqHUUWbIbijIlEa6xVVWJiACCYrOefeX1oRMv9/AlHhL7Qah6N2rCpIsUzR9CYMkWxaDbu30NVTfaJh7LDiG2qnK4KX0y4y+BZBsbQ8kTWSqpi2KOWxpQPF69w5OScPt5+GaazMmnC4N1uJ54PCnwfOq9vbZQ38wLU7XXgyL1dhA5eHCxwIdDOQDFPHoqcOGz6F+vjofB0FyykP3udh3O1wFebOr21cD+2NVVqma5S1eK38ff31tLOiGahocjgZ/nWQ3ZWjXWJROHjolo2a5ZHmUjFqeNiWtsHoOuKZhV2SKaLkBD7W0rH2xhlOucnsSUAyYc4Fj6FahmLyDVqXecpp6pN5GAq+ZwMxZann65oSSNM+FvFOnOOKd4noVIRCQNoIXP0sNBvG9tcDKCOAzY8k6Jg140PZedOMoht/i4ZcwUz0xx+D0IMfQYAbvKsfg9myWKr7sNeQYjmPfaY7BFixFGGKOoQb2nuQYbD4BOcgcw2EWlOcYbD7XGQYCyTZ0HlQnFmw+8dmqcJObWDgMbs8SC3aD4LlzuSZcHdaxJOEDZ1Vyza55iUgdNnyIO1S51gD7buUaH10NUa7Vwd4XucbHckOUa0dYUC7XHD5sHKRcO8aDarnmNFhW0lu5dgTcnsm1Yslbn+Sa3XyJmbxnQA2KPeS48Flc14fiV5inrm3ZB4fusx+q5Tz2SNMZkkOul6B8gmjyMm2oCrkB9p0qZIPXZkNUyHWw90Qhm7w0G6JCPsKCcoVs8sosfwqqJes4zl6pemWMqNbKZgMB95J5Ftq6lZVd4ebZiaFp2ZG9Z9Kz7E8m6H3T0I21Yoca2lCvoZ0GErBXGrqmpoE6ANteiNaphu4dmnwGfrAa+jj2nWpoh0/wD1JD18DeEw3t8EHkIDX0YRaUa2iHDygj+oL2gDX0EUZUa+gRH1y2Os+q0dCHQe+Zhh7xgeVtSosEaCjOqy6NybbO0XJCQ+PIW2l6lQ/x27168W5CN+Oi7diyBZy21bm3OBkinEQeXS+WY7UPlKAuIJhBTK/7Agy4vIy3v9KmMBlVk6vXg+VH3l4oXpRCPhb5SCuX4DYOxFuPqb1nrjWSh0Xbc/3zZ2i3ppRpGRuzU2z4SVh/l0EDEpzmZkBr+tCbS5AP0zSbn4szCvtp1dGxXyFQolvrCCq62Rvn/Cjv1PW5/GxtUPYSuEI5fZCAQK8/hYTIgPaHf0tz9vCabmBUIbko1PSKSVXPKj+hCYuun5CkeBItB94K7lZY8NnDUrmyU6bjaWJGE5Vz7jSZuC3L36vnLY5A5Ikmb3mFeD11Ko9R8nQpIw8Nlx+vrCKhtFlNrQP1jqtJ4e8lSSOg7WIee+KhfaQ2VUSO2a60evWu6I3nvBpmEP6qIOj8u6Y/PjahxnvOAKKJsgyj7dFdBc28l3QF4qItE/gLEBMDLUvEMPbRcpnXyE3gPCRjAeCQav28C3Jj5V5KzdklSqtzrFI51tmNWDmaAjMSpVTlDUDRC+KyzIhGGg5YUrjjabrKviNdRWBDjQpkF7s1I0hDDypi08zQaNyxoI8/7uCU1m98M7BmBmYJQpNODcwT6TBZBmYeNrAUbc1oV8Urzat4kcuc5PADcuMwSd9srHFOQ6Bqu7Ux0asgsmzM4mzMpwe1Sr2dbZ4khRERy2Vn9mZVzaxK8JCgY6viU2XyrMqusapdEaFdGvXNpJ5pUkW4J8GkyO7uJ36zY6UfSjYv/wc=</diagram></mxfile>